<?xml version="1.0" encoding="UTF-8"?>
<testsuite xmlns:xsi="http://www.w3.org/2001/XMLSchema-instance" xsi:noNamespaceSchemaLocation="https://maven.apache.org/surefire/maven-surefire-plugin/xsd/surefire-test-report.xsd" name="com.example.SBP.EverisDarmytasksMsApplicationTests" time="7.428" tests="1" errors="0" skipped="0" failures="0">
  <properties>
    <property name="sun.desktop" value="windows"/>
    <property name="awt.toolkit" value="sun.awt.windows.WToolkit"/>
    <property name="java.specification.version" value="11"/>
    <property name="sun.cpu.isalist" value="amd64"/>
    <property name="sun.jnu.encoding" value="Cp1252"/>
    <property name="java.class.path" value="C:\Users\azengoti\Desktop\SBP\demo\target\test-classes;C:\Users\azengoti\Desktop\SBP\demo\target\classes;S:\M2_REPO\org\springframework\boot\spring-boot-starter-data-jpa\2.4.1\spring-boot-starter-data-jpa-2.4.1.jar;S:\M2_REPO\org\springframework\boot\spring-boot-starter-aop\2.4.1\spring-boot-starter-aop-2.4.1.jar;S:\M2_REPO\org\springframework\spring-aop\5.3.2\spring-aop-5.3.2.jar;S:\M2_REPO\org\aspectj\aspectjweaver\1.9.6\aspectjweaver-1.9.6.jar;S:\M2_REPO\org\springframework\boot\spring-boot-starter-jdbc\2.4.1\spring-boot-starter-jdbc-2.4.1.jar;S:\M2_REPO\com\zaxxer\HikariCP\3.4.5\HikariCP-3.4.5.jar;S:\M2_REPO\org\springframework\spring-jdbc\5.3.2\spring-jdbc-5.3.2.jar;S:\M2_REPO\jakarta\transaction\jakarta.transaction-api\1.3.3\jakarta.transaction-api-1.3.3.jar;S:\M2_REPO\jakarta\persistence\jakarta.persistence-api\2.2.3\jakarta.persistence-api-2.2.3.jar;S:\M2_REPO\org\hibernate\hibernate-core\5.4.25.Final\hibernate-core-5.4.25.Final.jar;S:\M2_REPO\org\jboss\logging\jboss-logging\3.4.1.Final\jboss-logging-3.4.1.Final.jar;S:\M2_REPO\org\javassist\javassist\3.27.0-GA\javassist-3.27.0-GA.jar;S:\M2_REPO\antlr\antlr\2.7.7\antlr-2.7.7.jar;S:\M2_REPO\org\jboss\jandex\2.1.3.Final\jandex-2.1.3.Final.jar;S:\M2_REPO\com\fasterxml\classmate\1.5.1\classmate-1.5.1.jar;S:\M2_REPO\org\dom4j\dom4j\2.1.3\dom4j-2.1.3.jar;S:\M2_REPO\org\hibernate\common\hibernate-commons-annotations\5.1.2.Final\hibernate-commons-annotations-5.1.2.Final.jar;S:\M2_REPO\org\glassfish\jaxb\jaxb-runtime\2.3.3\jaxb-runtime-2.3.3.jar;S:\M2_REPO\org\glassfish\jaxb\txw2\2.3.3\txw2-2.3.3.jar;S:\M2_REPO\com\sun\istack\istack-commons-runtime\3.0.11\istack-commons-runtime-3.0.11.jar;S:\M2_REPO\com\sun\activation\jakarta.activation\1.2.2\jakarta.activation-1.2.2.jar;S:\M2_REPO\org\springframework\data\spring-data-jpa\2.4.2\spring-data-jpa-2.4.2.jar;S:\M2_REPO\org\springframework\data\spring-data-commons\2.4.2\spring-data-commons-2.4.2.jar;S:\M2_REPO\org\springframework\spring-orm\5.3.2\spring-orm-5.3.2.jar;S:\M2_REPO\org\springframework\spring-context\5.3.2\spring-context-5.3.2.jar;S:\M2_REPO\org\springframework\spring-expression\5.3.2\spring-expression-5.3.2.jar;S:\M2_REPO\org\springframework\spring-tx\5.3.2\spring-tx-5.3.2.jar;S:\M2_REPO\org\springframework\spring-beans\5.3.2\spring-beans-5.3.2.jar;S:\M2_REPO\org\slf4j\slf4j-api\1.7.30\slf4j-api-1.7.30.jar;S:\M2_REPO\org\springframework\spring-aspects\5.3.2\spring-aspects-5.3.2.jar;S:\M2_REPO\org\springframework\boot\spring-boot-starter-data-rest\2.4.1\spring-boot-starter-data-rest-2.4.1.jar;S:\M2_REPO\org\springframework\boot\spring-boot-starter-web\2.4.1\spring-boot-starter-web-2.4.1.jar;S:\M2_REPO\org\springframework\boot\spring-boot-starter-json\2.4.1\spring-boot-starter-json-2.4.1.jar;S:\M2_REPO\com\fasterxml\jackson\datatype\jackson-datatype-jdk8\2.11.3\jackson-datatype-jdk8-2.11.3.jar;S:\M2_REPO\com\fasterxml\jackson\datatype\jackson-datatype-jsr310\2.11.3\jackson-datatype-jsr310-2.11.3.jar;S:\M2_REPO\com\fasterxml\jackson\module\jackson-module-parameter-names\2.11.3\jackson-module-parameter-names-2.11.3.jar;S:\M2_REPO\org\springframework\boot\spring-boot-starter-tomcat\2.4.1\spring-boot-starter-tomcat-2.4.1.jar;S:\M2_REPO\org\apache\tomcat\embed\tomcat-embed-core\9.0.41\tomcat-embed-core-9.0.41.jar;S:\M2_REPO\org\glassfish\jakarta.el\3.0.3\jakarta.el-3.0.3.jar;S:\M2_REPO\org\apache\tomcat\embed\tomcat-embed-websocket\9.0.41\tomcat-embed-websocket-9.0.41.jar;S:\M2_REPO\org\springframework\spring-web\5.3.2\spring-web-5.3.2.jar;S:\M2_REPO\org\springframework\spring-webmvc\5.3.2\spring-webmvc-5.3.2.jar;S:\M2_REPO\org\springframework\data\spring-data-rest-webmvc\3.4.2\spring-data-rest-webmvc-3.4.2.jar;S:\M2_REPO\org\springframework\data\spring-data-rest-core\3.4.2\spring-data-rest-core-3.4.2.jar;S:\M2_REPO\org\springframework\hateoas\spring-hateoas\1.2.2\spring-hateoas-1.2.2.jar;S:\M2_REPO\org\springframework\plugin\spring-plugin-core\2.0.0.RELEASE\spring-plugin-core-2.0.0.RELEASE.jar;S:\M2_REPO\org\atteo\evo-inflector\1.2.2\evo-inflector-1.2.2.jar;S:\M2_REPO\com\fasterxml\jackson\core\jackson-databind\2.11.3\jackson-databind-2.11.3.jar;S:\M2_REPO\com\fasterxml\jackson\core\jackson-core\2.11.3\jackson-core-2.11.3.jar;S:\M2_REPO\com\fasterxml\jackson\core\jackson-annotations\2.11.3\jackson-annotations-2.11.3.jar;S:\M2_REPO\org\springframework\boot\spring-boot-devtools\2.4.1\spring-boot-devtools-2.4.1.jar;S:\M2_REPO\org\springframework\boot\spring-boot\2.4.1\spring-boot-2.4.1.jar;S:\M2_REPO\org\springframework\boot\spring-boot-autoconfigure\2.4.1\spring-boot-autoconfigure-2.4.1.jar;S:\M2_REPO\com\h2database\h2\1.4.193\h2-1.4.193.jar;S:\M2_REPO\org\springframework\boot\spring-boot-starter-test\2.4.1\spring-boot-starter-test-2.4.1.jar;S:\M2_REPO\org\springframework\boot\spring-boot-starter\2.4.1\spring-boot-starter-2.4.1.jar;S:\M2_REPO\org\springframework\boot\spring-boot-starter-logging\2.4.1\spring-boot-starter-logging-2.4.1.jar;S:\M2_REPO\ch\qos\logback\logback-classic\1.2.3\logback-classic-1.2.3.jar;S:\M2_REPO\ch\qos\logback\logback-core\1.2.3\logback-core-1.2.3.jar;S:\M2_REPO\org\apache\logging\log4j\log4j-to-slf4j\2.13.3\log4j-to-slf4j-2.13.3.jar;S:\M2_REPO\org\apache\logging\log4j\log4j-api\2.13.3\log4j-api-2.13.3.jar;S:\M2_REPO\org\slf4j\jul-to-slf4j\1.7.30\jul-to-slf4j-1.7.30.jar;S:\M2_REPO\jakarta\annotation\jakarta.annotation-api\1.3.5\jakarta.annotation-api-1.3.5.jar;S:\M2_REPO\org\yaml\snakeyaml\1.27\snakeyaml-1.27.jar;S:\M2_REPO\org\springframework\boot\spring-boot-test\2.4.1\spring-boot-test-2.4.1.jar;S:\M2_REPO\org\springframework\boot\spring-boot-test-autoconfigure\2.4.1\spring-boot-test-autoconfigure-2.4.1.jar;S:\M2_REPO\com\jayway\jsonpath\json-path\2.4.0\json-path-2.4.0.jar;S:\M2_REPO\net\minidev\json-smart\2.3\json-smart-2.3.jar;S:\M2_REPO\net\minidev\accessors-smart\1.2\accessors-smart-1.2.jar;S:\M2_REPO\org\ow2\asm\asm\5.0.4\asm-5.0.4.jar;S:\M2_REPO\jakarta\xml\bind\jakarta.xml.bind-api\2.3.3\jakarta.xml.bind-api-2.3.3.jar;S:\M2_REPO\jakarta\activation\jakarta.activation-api\1.2.2\jakarta.activation-api-1.2.2.jar;S:\M2_REPO\org\assertj\assertj-core\3.18.1\assertj-core-3.18.1.jar;S:\M2_REPO\org\hamcrest\hamcrest\2.2\hamcrest-2.2.jar;S:\M2_REPO\org\junit\jupiter\junit-jupiter\5.7.0\junit-jupiter-5.7.0.jar;S:\M2_REPO\org\junit\jupiter\junit-jupiter-api\5.7.0\junit-jupiter-api-5.7.0.jar;S:\M2_REPO\org\apiguardian\apiguardian-api\1.1.0\apiguardian-api-1.1.0.jar;S:\M2_REPO\org\opentest4j\opentest4j\1.2.0\opentest4j-1.2.0.jar;S:\M2_REPO\org\junit\platform\junit-platform-commons\1.7.0\junit-platform-commons-1.7.0.jar;S:\M2_REPO\org\junit\jupiter\junit-jupiter-params\5.7.0\junit-jupiter-params-5.7.0.jar;S:\M2_REPO\org\junit\jupiter\junit-jupiter-engine\5.7.0\junit-jupiter-engine-5.7.0.jar;S:\M2_REPO\org\junit\platform\junit-platform-engine\1.7.0\junit-platform-engine-1.7.0.jar;S:\M2_REPO\org\mockito\mockito-junit-jupiter\3.6.28\mockito-junit-jupiter-3.6.28.jar;S:\M2_REPO\org\skyscreamer\jsonassert\1.5.0\jsonassert-1.5.0.jar;S:\M2_REPO\com\vaadin\external\google\android-json\0.0.20131108.vaadin1\android-json-0.0.20131108.vaadin1.jar;S:\M2_REPO\org\springframework\spring-core\5.3.2\spring-core-5.3.2.jar;S:\M2_REPO\org\springframework\spring-jcl\5.3.2\spring-jcl-5.3.2.jar;S:\M2_REPO\org\springframework\spring-test\5.3.2\spring-test-5.3.2.jar;S:\M2_REPO\org\xmlunit\xmlunit-core\2.7.0\xmlunit-core-2.7.0.jar;S:\M2_REPO\org\mockito\mockito-core\3.6.28\mockito-core-3.6.28.jar;S:\M2_REPO\net\bytebuddy\byte-buddy\1.10.18\byte-buddy-1.10.18.jar;S:\M2_REPO\net\bytebuddy\byte-buddy-agent\1.10.18\byte-buddy-agent-1.10.18.jar;S:\M2_REPO\org\objenesis\objenesis\3.1\objenesis-3.1.jar;"/>
    <property name="java.vm.vendor" value="Oracle Corporation"/>
    <property name="sun.arch.data.model" value="64"/>
    <property name="user.variant" value=""/>
    <property name="java.vendor.url" value="http://java.oracle.com/"/>
    <property name="user.timezone" value="Europe/Paris"/>
    <property name="java.vm.specification.version" value="11"/>
    <property name="os.name" value="Windows 10"/>
    <property name="sun.java.launcher" value="SUN_STANDARD"/>
    <property name="user.country" value="ES"/>
    <property name="sun.boot.library.path" value="S:\Java\jdk-11.0.5\bin"/>
    <property name="sun.java.command" value="C:\Users\azengoti\AppData\Local\Temp\surefire3705237055263557995\surefirebooter11515789649058950625.jar C:\Users\azengoti\AppData\Local\Temp\surefire3705237055263557995 2020-12-17T13-14-51_284-jvmRun1 surefire18266248042453351318tmp surefire_03446195989692923677tmp"/>
    <property name="jdk.debug" value="release"/>
    <property name="surefire.test.class.path" value="C:\Users\azengoti\Desktop\SBP\demo\target\test-classes;C:\Users\azengoti\Desktop\SBP\demo\target\classes;S:\M2_REPO\org\springframework\boot\spring-boot-starter-data-jpa\2.4.1\spring-boot-starter-data-jpa-2.4.1.jar;S:\M2_REPO\org\springframework\boot\spring-boot-starter-aop\2.4.1\spring-boot-starter-aop-2.4.1.jar;S:\M2_REPO\org\springframework\spring-aop\5.3.2\spring-aop-5.3.2.jar;S:\M2_REPO\org\aspectj\aspectjweaver\1.9.6\aspectjweaver-1.9.6.jar;S:\M2_REPO\org\springframework\boot\spring-boot-starter-jdbc\2.4.1\spring-boot-starter-jdbc-2.4.1.jar;S:\M2_REPO\com\zaxxer\HikariCP\3.4.5\HikariCP-3.4.5.jar;S:\M2_REPO\org\springframework\spring-jdbc\5.3.2\spring-jdbc-5.3.2.jar;S:\M2_REPO\jakarta\transaction\jakarta.transaction-api\1.3.3\jakarta.transaction-api-1.3.3.jar;S:\M2_REPO\jakarta\persistence\jakarta.persistence-api\2.2.3\jakarta.persistence-api-2.2.3.jar;S:\M2_REPO\org\hibernate\hibernate-core\5.4.25.Final\hibernate-core-5.4.25.Final.jar;S:\M2_REPO\org\jboss\logging\jboss-logging\3.4.1.Final\jboss-logging-3.4.1.Final.jar;S:\M2_REPO\org\javassist\javassist\3.27.0-GA\javassist-3.27.0-GA.jar;S:\M2_REPO\antlr\antlr\2.7.7\antlr-2.7.7.jar;S:\M2_REPO\org\jboss\jandex\2.1.3.Final\jandex-2.1.3.Final.jar;S:\M2_REPO\com\fasterxml\classmate\1.5.1\classmate-1.5.1.jar;S:\M2_REPO\org\dom4j\dom4j\2.1.3\dom4j-2.1.3.jar;S:\M2_REPO\org\hibernate\common\hibernate-commons-annotations\5.1.2.Final\hibernate-commons-annotations-5.1.2.Final.jar;S:\M2_REPO\org\glassfish\jaxb\jaxb-runtime\2.3.3\jaxb-runtime-2.3.3.jar;S:\M2_REPO\org\glassfish\jaxb\txw2\2.3.3\txw2-2.3.3.jar;S:\M2_REPO\com\sun\istack\istack-commons-runtime\3.0.11\istack-commons-runtime-3.0.11.jar;S:\M2_REPO\com\sun\activation\jakarta.activation\1.2.2\jakarta.activation-1.2.2.jar;S:\M2_REPO\org\springframework\data\spring-data-jpa\2.4.2\spring-data-jpa-2.4.2.jar;S:\M2_REPO\org\springframework\data\spring-data-commons\2.4.2\spring-data-commons-2.4.2.jar;S:\M2_REPO\org\springframework\spring-orm\5.3.2\spring-orm-5.3.2.jar;S:\M2_REPO\org\springframework\spring-context\5.3.2\spring-context-5.3.2.jar;S:\M2_REPO\org\springframework\spring-expression\5.3.2\spring-expression-5.3.2.jar;S:\M2_REPO\org\springframework\spring-tx\5.3.2\spring-tx-5.3.2.jar;S:\M2_REPO\org\springframework\spring-beans\5.3.2\spring-beans-5.3.2.jar;S:\M2_REPO\org\slf4j\slf4j-api\1.7.30\slf4j-api-1.7.30.jar;S:\M2_REPO\org\springframework\spring-aspects\5.3.2\spring-aspects-5.3.2.jar;S:\M2_REPO\org\springframework\boot\spring-boot-starter-data-rest\2.4.1\spring-boot-starter-data-rest-2.4.1.jar;S:\M2_REPO\org\springframework\boot\spring-boot-starter-web\2.4.1\spring-boot-starter-web-2.4.1.jar;S:\M2_REPO\org\springframework\boot\spring-boot-starter-json\2.4.1\spring-boot-starter-json-2.4.1.jar;S:\M2_REPO\com\fasterxml\jackson\datatype\jackson-datatype-jdk8\2.11.3\jackson-datatype-jdk8-2.11.3.jar;S:\M2_REPO\com\fasterxml\jackson\datatype\jackson-datatype-jsr310\2.11.3\jackson-datatype-jsr310-2.11.3.jar;S:\M2_REPO\com\fasterxml\jackson\module\jackson-module-parameter-names\2.11.3\jackson-module-parameter-names-2.11.3.jar;S:\M2_REPO\org\springframework\boot\spring-boot-starter-tomcat\2.4.1\spring-boot-starter-tomcat-2.4.1.jar;S:\M2_REPO\org\apache\tomcat\embed\tomcat-embed-core\9.0.41\tomcat-embed-core-9.0.41.jar;S:\M2_REPO\org\glassfish\jakarta.el\3.0.3\jakarta.el-3.0.3.jar;S:\M2_REPO\org\apache\tomcat\embed\tomcat-embed-websocket\9.0.41\tomcat-embed-websocket-9.0.41.jar;S:\M2_REPO\org\springframework\spring-web\5.3.2\spring-web-5.3.2.jar;S:\M2_REPO\org\springframework\spring-webmvc\5.3.2\spring-webmvc-5.3.2.jar;S:\M2_REPO\org\springframework\data\spring-data-rest-webmvc\3.4.2\spring-data-rest-webmvc-3.4.2.jar;S:\M2_REPO\org\springframework\data\spring-data-rest-core\3.4.2\spring-data-rest-core-3.4.2.jar;S:\M2_REPO\org\springframework\hateoas\spring-hateoas\1.2.2\spring-hateoas-1.2.2.jar;S:\M2_REPO\org\springframework\plugin\spring-plugin-core\2.0.0.RELEASE\spring-plugin-core-2.0.0.RELEASE.jar;S:\M2_REPO\org\atteo\evo-inflector\1.2.2\evo-inflector-1.2.2.jar;S:\M2_REPO\com\fasterxml\jackson\core\jackson-databind\2.11.3\jackson-databind-2.11.3.jar;S:\M2_REPO\com\fasterxml\jackson\core\jackson-core\2.11.3\jackson-core-2.11.3.jar;S:\M2_REPO\com\fasterxml\jackson\core\jackson-annotations\2.11.3\jackson-annotations-2.11.3.jar;S:\M2_REPO\org\springframework\boot\spring-boot-devtools\2.4.1\spring-boot-devtools-2.4.1.jar;S:\M2_REPO\org\springframework\boot\spring-boot\2.4.1\spring-boot-2.4.1.jar;S:\M2_REPO\org\springframework\boot\spring-boot-autoconfigure\2.4.1\spring-boot-autoconfigure-2.4.1.jar;S:\M2_REPO\com\h2database\h2\1.4.193\h2-1.4.193.jar;S:\M2_REPO\org\springframework\boot\spring-boot-starter-test\2.4.1\spring-boot-starter-test-2.4.1.jar;S:\M2_REPO\org\springframework\boot\spring-boot-starter\2.4.1\spring-boot-starter-2.4.1.jar;S:\M2_REPO\org\springframework\boot\spring-boot-starter-logging\2.4.1\spring-boot-starter-logging-2.4.1.jar;S:\M2_REPO\ch\qos\logback\logback-classic\1.2.3\logback-classic-1.2.3.jar;S:\M2_REPO\ch\qos\logback\logback-core\1.2.3\logback-core-1.2.3.jar;S:\M2_REPO\org\apache\logging\log4j\log4j-to-slf4j\2.13.3\log4j-to-slf4j-2.13.3.jar;S:\M2_REPO\org\apache\logging\log4j\log4j-api\2.13.3\log4j-api-2.13.3.jar;S:\M2_REPO\org\slf4j\jul-to-slf4j\1.7.30\jul-to-slf4j-1.7.30.jar;S:\M2_REPO\jakarta\annotation\jakarta.annotation-api\1.3.5\jakarta.annotation-api-1.3.5.jar;S:\M2_REPO\org\yaml\snakeyaml\1.27\snakeyaml-1.27.jar;S:\M2_REPO\org\springframework\boot\spring-boot-test\2.4.1\spring-boot-test-2.4.1.jar;S:\M2_REPO\org\springframework\boot\spring-boot-test-autoconfigure\2.4.1\spring-boot-test-autoconfigure-2.4.1.jar;S:\M2_REPO\com\jayway\jsonpath\json-path\2.4.0\json-path-2.4.0.jar;S:\M2_REPO\net\minidev\json-smart\2.3\json-smart-2.3.jar;S:\M2_REPO\net\minidev\accessors-smart\1.2\accessors-smart-1.2.jar;S:\M2_REPO\org\ow2\asm\asm\5.0.4\asm-5.0.4.jar;S:\M2_REPO\jakarta\xml\bind\jakarta.xml.bind-api\2.3.3\jakarta.xml.bind-api-2.3.3.jar;S:\M2_REPO\jakarta\activation\jakarta.activation-api\1.2.2\jakarta.activation-api-1.2.2.jar;S:\M2_REPO\org\assertj\assertj-core\3.18.1\assertj-core-3.18.1.jar;S:\M2_REPO\org\hamcrest\hamcrest\2.2\hamcrest-2.2.jar;S:\M2_REPO\org\junit\jupiter\junit-jupiter\5.7.0\junit-jupiter-5.7.0.jar;S:\M2_REPO\org\junit\jupiter\junit-jupiter-api\5.7.0\junit-jupiter-api-5.7.0.jar;S:\M2_REPO\org\apiguardian\apiguardian-api\1.1.0\apiguardian-api-1.1.0.jar;S:\M2_REPO\org\opentest4j\opentest4j\1.2.0\opentest4j-1.2.0.jar;S:\M2_REPO\org\junit\platform\junit-platform-commons\1.7.0\junit-platform-commons-1.7.0.jar;S:\M2_REPO\org\junit\jupiter\junit-jupiter-params\5.7.0\junit-jupiter-params-5.7.0.jar;S:\M2_REPO\org\junit\jupiter\junit-jupiter-engine\5.7.0\junit-jupiter-engine-5.7.0.jar;S:\M2_REPO\org\junit\platform\junit-platform-engine\1.7.0\junit-platform-engine-1.7.0.jar;S:\M2_REPO\org\mockito\mockito-junit-jupiter\3.6.28\mockito-junit-jupiter-3.6.28.jar;S:\M2_REPO\org\skyscreamer\jsonassert\1.5.0\jsonassert-1.5.0.jar;S:\M2_REPO\com\vaadin\external\google\android-json\0.0.20131108.vaadin1\android-json-0.0.20131108.vaadin1.jar;S:\M2_REPO\org\springframework\spring-core\5.3.2\spring-core-5.3.2.jar;S:\M2_REPO\org\springframework\spring-jcl\5.3.2\spring-jcl-5.3.2.jar;S:\M2_REPO\org\springframework\spring-test\5.3.2\spring-test-5.3.2.jar;S:\M2_REPO\org\xmlunit\xmlunit-core\2.7.0\xmlunit-core-2.7.0.jar;S:\M2_REPO\org\mockito\mockito-core\3.6.28\mockito-core-3.6.28.jar;S:\M2_REPO\net\bytebuddy\byte-buddy\1.10.18\byte-buddy-1.10.18.jar;S:\M2_REPO\net\bytebuddy\byte-buddy-agent\1.10.18\byte-buddy-agent-1.10.18.jar;S:\M2_REPO\org\objenesis\objenesis\3.1\objenesis-3.1.jar;"/>
    <property name="sun.cpu.endian" value="little"/>
    <property name="user.home" value="C:\Users\azengoti"/>
    <property name="user.language" value="es"/>
    <property name="java.specification.vendor" value="Oracle Corporation"/>
    <property name="java.version.date" value="2019-10-15"/>
    <property name="java.home" value="S:\Java\jdk-11.0.5"/>
    <property name="file.separator" value="\"/>
    <property name="basedir" value="C:\Users\azengoti\Desktop\SBP\demo"/>
    <property name="java.vm.compressedOopsMode" value="32-bit"/>
    <property name="line.separator" value="&#10;"/>
    <property name="java.specification.name" value="Java Platform API Specification"/>
    <property name="java.vm.specification.vendor" value="Oracle Corporation"/>
    <property name="java.awt.graphicsenv" value="sun.awt.Win32GraphicsEnvironment"/>
    <property name="surefire.real.class.path" value="C:\Users\azengoti\AppData\Local\Temp\surefire3705237055263557995\surefirebooter11515789649058950625.jar"/>
    <property name="user.script" value=""/>
    <property name="sun.management.compiler" value="HotSpot 64-Bit Tiered Compilers"/>
    <property name="java.runtime.version" value="11.0.5+10-LTS"/>
    <property name="user.name" value="azengoti"/>
    <property name="path.separator" value=";"/>
    <property name="os.version" value="10.0"/>
    <property name="java.runtime.name" value="Java(TM) SE Runtime Environment"/>
    <property name="file.encoding" value="Cp1252"/>
    <property name="java.vm.name" value="Java HotSpot(TM) 64-Bit Server VM"/>
    <property name="java.vendor.version" value="18.9"/>
    <property name="localRepository" value="S:\M2_REPO"/>
    <property name="java.vendor.url.bug" value="http://bugreport.java.com/bugreport/"/>
    <property name="java.io.tmpdir" value="C:\Users\azengoti\AppData\Local\Temp\"/>
    <property name="java.version" value="11.0.5"/>
    <property name="user.dir" value="C:\Users\azengoti\Desktop\SBP\demo"/>
    <property name="os.arch" value="amd64"/>
    <property name="java.vm.specification.name" value="Java Virtual Machine Specification"/>
    <property name="java.awt.printerjob" value="sun.awt.windows.WPrinterJob"/>
    <property name="sun.os.patch.level" value=""/>
    <property name="java.library.path" value="S:\Java\jdk-11.0.5\bin;C:\WINDOWS\Sun\Java\bin;C:\WINDOWS\system32;C:\WINDOWS;S://Java/jdk-11.0.5/bin/server;S://Java/jdk-11.0.5/bin;S:\\Java\jdk-11.0.5\bin;S:\\Maven\Maven-3.6.3\bin;S:\\Git\bin;C:\WINDOWS\system32;C:\WINDOWS;C:\WINDOWS\System32\Wbem;C:\WINDOWS\System32\WindowsPowerShell\v1.0\;C:\WINDOWS\System32\OpenSSH\;C:\Program Files\Docker\Docker\resources\bin;C:\ProgramData\DockerDesktop\version-bin;C:\Users\azengoti\AppData\Local\Microsoft\WindowsApps;C:\Users\azengoti\AppData\Local\Programs\Git\cmd;C:\Users\azengoti\AppData\Local\Programs\Microsoft VS Code\bin;S:\;;."/>
    <property name="java.vendor" value="Oracle Corporation"/>
    <property name="java.vm.info" value="mixed mode"/>
    <property name="java.vm.version" value="11.0.5+10-LTS"/>
    <property name="sun.io.unicode.encoding" value="UnicodeLittle"/>
    <property name="java.class.version" value="55.0"/>
  </properties>
  <testcase name="contextLoads" classname="com.example.SBP.EverisDarmytasksMsApplicationTests" time="0.177"/>
</testsuite>